<?xml version="1.0" encoding="UTF-8"?>
<testsuite name="net.consensys.htlcbridge.transfer.HappyPath" tests="3" skipped="0" failures="0" errors="0" timestamp="2021-03-20T01:23:28" hostname="Peters-MacBook-Pro.local" time="31.698">
  <properties/>
  <testcase name="standardTransfer" classname="net.consensys.htlcbridge.transfer.HappyPath" time="13.488"/>
  <testcase name="refundTransfer" classname="net.consensys.htlcbridge.transfer.HappyPath" time="16.183"/>
  <testcase name="checkDeployment" classname="net.consensys.htlcbridge.transfer.HappyPath" time="2.027"/>
  <system-out><![CDATA[]]></system-out>
  <system-err><![CDATA[ERROR StatusLogger No Log4j 2 configuration file found. Using default configuration (logging only errors to the console), or user programmatically provided configurations. Set system property 'log4j2.debug' to show Log4j 2 internal initialization logging. See https://logging.apache.org/log4j/2.x/manual/configuration.html for instructions on how to configure Log4j 2
]]></system-err>
</testsuite>
